<?xml version="1.0" encoding="UTF-8"?>
<testng-results ignored="0" total="3" passed="3" failed="0" skipped="0">
  <reporter-output>
  </reporter-output>
  <suite started-at="2023-12-28T05:50:16 UTC" name="Surefire suite" finished-at="2023-12-28T05:50:58 UTC" duration-ms="42357">
    <groups>
    </groups>
    <test started-at="2023-12-28T05:50:16 UTC" name="Surefire test" finished-at="2023-12-28T05:50:58 UTC" duration-ms="42357">
      <class name="runner.Testcase1">
        <test-method is-config="true" signature="beforeMethod()[pri:0, instance:runner.Testcase1@18025ced]" started-at="2023-12-28T05:50:35 UTC" name="beforeMethod" finished-at="2023-12-28T05:50:38 UTC" duration-ms="3235" status="PASS">
          <reporter-output>
          </reporter-output>
        </test-method> <!-- beforeMethod -->
        <test-method signature="TC_001()[pri:1, instance:runner.Testcase1@18025ced]" started-at="2023-12-28T05:50:38 UTC" name="TC_001" finished-at="2023-12-28T05:50:45 UTC" duration-ms="6684" status="PASS">
          <reporter-output>
          </reporter-output>
        </test-method> <!-- TC_001 -->
        <test-method is-config="true" signature="afterMethod()[pri:0, instance:runner.Testcase1@18025ced]" started-at="2023-12-28T05:50:45 UTC" name="afterMethod" finished-at="2023-12-28T05:50:45 UTC" duration-ms="165" status="PASS">
          <reporter-output>
          </reporter-output>
        </test-method> <!-- afterMethod -->
      </class> <!-- runner.Testcase1 -->
      <class name="runner.Testcase2">
        <test-method is-config="true" signature="beforeMethod()[pri:0, instance:runner.Testcase2@13cf7d52]" started-at="2023-12-28T05:50:45 UTC" name="beforeMethod" finished-at="2023-12-28T05:50:49 UTC" duration-ms="3217" status="PASS">
          <reporter-output>
          </reporter-output>
        </test-method> <!-- beforeMethod -->
        <test-method signature="TC_002()[pri:2, instance:runner.Testcase2@13cf7d52]" started-at="2023-12-28T05:50:49 UTC" name="TC_002" finished-at="2023-12-28T05:50:58 UTC" duration-ms="9676" status="PASS">
          <reporter-output>
          </reporter-output>
        </test-method> <!-- TC_002 -->
        <test-method is-config="true" signature="afterMethod()[pri:0, instance:runner.Testcase2@13cf7d52]" started-at="2023-12-28T05:50:58 UTC" name="afterMethod" finished-at="2023-12-28T05:50:58 UTC" duration-ms="93" status="PASS">
          <reporter-output>
          </reporter-output>
        </test-method> <!-- afterMethod -->
      </class> <!-- runner.Testcase2 -->
      <class name="runner.Testcase3">
        <test-method is-config="true" signature="beforeMethod()[pri:0, instance:runner.Testcase3@43aaf813]" started-at="2023-12-28T05:50:16 UTC" name="beforeMethod" finished-at="2023-12-28T05:50:21 UTC" duration-ms="5312" status="PASS">
          <reporter-output>
          </reporter-output>
        </test-method> <!-- beforeMethod -->
        <test-method signature="TC_003()[pri:3, instance:runner.Testcase3@43aaf813]" started-at="2023-12-28T05:50:21 UTC" name="TC_003" finished-at="2023-12-28T05:50:34 UTC" duration-ms="13102" status="PASS">
          <reporter-output>
          </reporter-output>
        </test-method> <!-- TC_003 -->
        <test-method is-config="true" signature="afterMethod()[pri:0, instance:runner.Testcase3@43aaf813]" started-at="2023-12-28T05:50:34 UTC" name="afterMethod" finished-at="2023-12-28T05:50:35 UTC" duration-ms="770" status="PASS">
          <reporter-output>
          </reporter-output>
        </test-method> <!-- afterMethod -->
      </class> <!-- runner.Testcase3 -->
    </test> <!-- Surefire test -->
  </suite> <!-- Surefire suite -->
</testng-results>
